  ConsoleApplication1.cpp
C:\Users\Sule_jr92\source\repos\ConsoleApplication1\ConsoleApplication1\Functions.h(116,16): warning C4244: 'argument': conversion from 'double' to 'std::streamsize', possible loss of data
C:\Users\Sule_jr92\source\repos\ConsoleApplication1\ConsoleApplication1\Functions.h(143,17): warning C4244: 'argument': conversion from 'double' to 'std::streamsize', possible loss of data
C:\Users\Sule_jr92\source\repos\ConsoleApplication1\ConsoleApplication1\Functions.h(171,17): warning C4244: 'argument': conversion from 'double' to 'std::streamsize', possible loss of data
C:\Users\Sule_jr92\source\repos\ConsoleApplication1\ConsoleApplication1\Functions.h(203,17): warning C4244: 'argument': conversion from 'double' to 'std::streamsize', possible loss of data
C:\Users\Sule_jr92\source\repos\ConsoleApplication1\ConsoleApplication1\Functions.h(234,17): warning C4244: 'argument': conversion from 'double' to 'std::streamsize', possible loss of data
C:\Users\Sule_jr92\source\repos\ConsoleApplication1\ConsoleApplication1\Functions.h(242,14): warning C4838: conversion from 'int' to 'SHORT' requires a narrowing conversion
C:\Users\Sule_jr92\source\repos\ConsoleApplication1\ConsoleApplication1\Functions.h(242,16): warning C4838: conversion from 'int' to 'SHORT' requires a narrowing conversion
C:\Users\Sule_jr92\source\repos\ConsoleApplication1\ConsoleApplication1\Functions.h(249,23): warning C4018: '<': signed/unsigned mismatch
C:\Users\Sule_jr92\source\repos\ConsoleApplication1\ConsoleApplication1\Functions.h(273,23): warning C4018: '<': signed/unsigned mismatch
C:\Users\Sule_jr92\source\repos\ConsoleApplication1\ConsoleApplication1\Functions.h(301,23): warning C4018: '<': signed/unsigned mismatch
C:\Users\Sule_jr92\source\repos\ConsoleApplication1\ConsoleApplication1\Functions.h(336,24): warning C4018: '<': signed/unsigned mismatch
C:\Users\Sule_jr92\source\repos\ConsoleApplication1\ConsoleApplication1\Functions.h(379,24): warning C4018: '<': signed/unsigned mismatch
C:\Users\Sule_jr92\source\repos\ConsoleApplication1\ConsoleApplication1\Functions.h(414,25): warning C4018: '<': signed/unsigned mismatch
C:\Users\Sule_jr92\source\repos\ConsoleApplication1\ConsoleApplication1\Functions.h(459,24): warning C4018: '<': signed/unsigned mismatch
C:\Users\Sule_jr92\source\repos\ConsoleApplication1\ConsoleApplication1\Functions.h(494,25): warning C4018: '<': signed/unsigned mismatch
C:\Users\Sule_jr92\source\repos\ConsoleApplication1\ConsoleApplication1\Functions.h(601,12): warning C4244: 'argument': conversion from 'time_t' to 'unsigned int', possible loss of data
C:\Users\Sule_jr92\source\repos\ConsoleApplication1\ConsoleApplication1\Start.h(122,14): warning C4244: 'argument': conversion from 'time_t' to 'unsigned int', possible loss of data
C:\Users\Sule_jr92\source\repos\ConsoleApplication1\ConsoleApplication1\Start.h(282,13): warning C4244: 'argument': conversion from 'time_t' to 'unsigned int', possible loss of data
C:\Users\Sule_jr92\source\repos\ConsoleApplication1\ConsoleApplication1\ConsoleApplication1.cpp(24,1): warning C4326: return type of 'main' should be 'int' instead of 'void'
  ConsoleApplication1.vcxproj -> C:\Users\Sule_jr92\source\repos\ConsoleApplication1\Debug\ConsoleApplication1.exe
